#
# There is insufficient memory for the Java Runtime Environment to continue.
# Native memory allocation (malloc) failed to allocate 595424 bytes for Chunk::new
# Possible reasons:
#   The system is out of physical RAM or swap space
#   The process is running with CompressedOops enabled, and the Java Heap may be blocking the growth of the native heap
# Possible solutions:
#   Reduce memory load on the system
#   Increase physical memory or swap space
#   Check if swap backing store is full
#   Decrease Java heap size (-Xmx/-Xms)
#   Decrease number of Java threads
#   Decrease Java thread stack sizes (-Xss)
#   Set larger code cache with -XX:ReservedCodeCacheSize=
#   JVM is running with Unscaled Compressed Oops mode in which the Java heap is
#     placed in the first 4GB address space. The Java Heap base address is the
#     maximum limit for the native heap growth. Please use -XX:HeapBaseMinAddress
#     to set the Java Heap base and to place the Java Heap above 4GB virtual address.
# This output file may be truncated or incomplete.
#
#  Out of Memory Error (arena.cpp:184), pid=29620, tid=8912
#
# JRE version: OpenJDK Runtime Environment (20.0.1+9) (build 20.0.1+9-29)
# Java VM: OpenJDK 64-Bit Server VM (20.0.1+9-29, mixed mode, sharing, tiered, compressed oops, compressed class ptrs, g1 gc, windows-amd64)
# No core dump will be written. Minidumps are not enabled by default on client versions of Windows
#

---------------  S U M M A R Y ------------

Command Line: -javaagent:C:\Program Files\JetBrains\IntelliJ IDEA Community Edition 2023.1\lib\idea_rt.jar=51753:C:\Program Files\JetBrains\IntelliJ IDEA Community Edition 2023.1\bin -Dfile.encoding=UTF-8 -Dsun.stdout.encoding=UTF-8 -Dsun.stderr.encoding=UTF-8 com.example.auctionappbe.AuctionappBeApplication

Host: Intel(R) Core(TM) i3-8130U CPU @ 2.20GHz, 4 cores, 7G,  Windows 11 , 64 bit Build 22621 (10.0.22621.1485)
Time: Wed May  3 14:36:08 2023 Central Europe Daylight Time elapsed time: 5.101169 seconds (0d 0h 0m 5s)

---------------  T H R E A D  ---------------

Current thread (0x00000158f3a5c090):  JavaThread "C2 CompilerThread0" daemon [_thread_in_native, id=8912, stack(0x00000027df700000,0x00000027df800000)]


Current CompileTask:
C2:   5101 1553       4       jdk.internal.loader.URLClassPath::getResource (74 bytes)

Stack: [0x00000027df700000,0x00000027df800000]
Native frames: (J=compiled Java code, j=interpreted, Vv=VM code, C=native code)
V  [jvm.dll+0x6bb95a]
V  [jvm.dll+0x8485fa]
V  [jvm.dll+0x84a1f5]
V  [jvm.dll+0x84a8f3]
V  [jvm.dll+0x280b0f]
V  [jvm.dll+0xc2b11]
V  [jvm.dll+0xc2e35]
V  [jvm.dll+0x3bb17c]
V  [jvm.dll+0x3857f5]
V  [jvm.dll+0x384c6a]
V  [jvm.dll+0x24b259]
V  [jvm.dll+0x24a651]
V  [jvm.dll+0x1ce491]
V  [jvm.dll+0x259e1b]
V  [jvm.dll+0x2584f0]
V  [jvm.dll+0x3f2895]
V  [jvm.dll+0x7f4b56]
V  [jvm.dll+0x6ba5cb]
C  [ucrtbase.dll+0x29363]
C  [KERNEL32.DLL+0x1269d]
C  [ntdll.dll+0x5a9f8]


---------------  P R O C E S S  ---------------

Threads class SMR info:
_java_thread_list=0x00000158f8be9fc0, length=13, elements={
0x00000158d791d350, 0x00000158f3a51800, 0x00000158f3a52060, 0x00000158f3a527f0,
0x00000158f3a54d50, 0x00000158f3a552a0, 0x00000158f3a57800, 0x00000158f3a5c090,
0x00000158f7c1cba0, 0x00000158f7c753e0, 0x00000158f80a26b0, 0x00000158f7edd1b0,
0x00000158f8be2b70
}

Java Threads: ( => current thread )
  0x00000158d791d350 JavaThread "main" [_thread_in_vm, id=20676, stack(0x00000027dea00000,0x00000027deb00000)]
  0x00000158f3a51800 JavaThread "Reference Handler" daemon [_thread_blocked, id=10436, stack(0x00000027df100000,0x00000027df200000)]
  0x00000158f3a52060 JavaThread "Finalizer" daemon [_thread_blocked, id=1684, stack(0x00000027df200000,0x00000027df300000)]
  0x00000158f3a527f0 JavaThread "Signal Dispatcher" daemon [_thread_blocked, id=26920, stack(0x00000027df300000,0x00000027df400000)]
  0x00000158f3a54d50 JavaThread "Attach Listener" daemon [_thread_blocked, id=5568, stack(0x00000027df400000,0x00000027df500000)]
  0x00000158f3a552a0 JavaThread "Service Thread" daemon [_thread_blocked, id=24844, stack(0x00000027df500000,0x00000027df600000)]
  0x00000158f3a57800 JavaThread "Monitor Deflation Thread" daemon [_thread_blocked, id=26180, stack(0x00000027df600000,0x00000027df700000)]
=>0x00000158f3a5c090 JavaThread "C2 CompilerThread0" daemon [_thread_in_native, id=8912, stack(0x00000027df700000,0x00000027df800000)]
  0x00000158f7c1cba0 JavaThread "C1 CompilerThread0" daemon [_thread_in_native, id=24280, stack(0x00000027df800000,0x00000027df900000)]
  0x00000158f7c753e0 JavaThread "Common-Cleaner" daemon [_thread_blocked, id=9696, stack(0x00000027df900000,0x00000027dfa00000)]
  0x00000158f80a26b0 JavaThread "Monitor Ctrl-Break" daemon [_thread_in_native, id=3728, stack(0x00000027dfa00000,0x00000027dfb00000)]
  0x00000158f7edd1b0 JavaThread "Notification Thread" daemon [_thread_blocked, id=22708, stack(0x00000027dfb00000,0x00000027dfc00000)]
  0x00000158f8be2b70 JavaThread "background-preinit" [_thread_in_Java, id=15200, stack(0x00000027e0000000,0x00000027e0100000)]

Other Threads:
  0x00000158f3a344b0 VMThread "VM Thread" [stack: 0x00000027df000000,0x00000027df100000] [id=18072]
  0x00000158d791e370 WatcherThread "VM Periodic Task Thread" [stack: 0x00000027dfc00000,0x00000027dfd00000] [id=3172]
  0x00000158d797aa10 WorkerThread "GC Thread#0" [stack: 0x00000027deb00000,0x00000027dec00000] [id=20692]
  0x00000158f839e3e0 WorkerThread "GC Thread#1" [stack: 0x00000027dfd00000,0x00000027dfe00000] [id=28268]
  0x00000158f839e6b0 WorkerThread "GC Thread#2" [stack: 0x00000027dfe00000,0x00000027dff00000] [id=26244]
  0x00000158f83fa990 WorkerThread "GC Thread#3" [stack: 0x00000027dff00000,0x00000027e0000000] [id=25512]
  0x00000158d798b660 ConcurrentGCThread "G1 Main Marker" [stack: 0x00000027dec00000,0x00000027ded00000] [id=16808]
  0x00000158d798c090 WorkerThread "G1 Conc#0" [stack: 0x00000027ded00000,0x00000027dee00000] [id=28248]
  0x00000158d79cea70 ConcurrentGCThread "G1 Refine#0" [stack: 0x00000027dee00000,0x00000027def00000] [id=13388]
  0x00000158f38e06a0 ConcurrentGCThread "G1 Service" [stack: 0x00000027def00000,0x00000027df000000] [id=27116]

Threads with active compile tasks:
C2 CompilerThread0     5168 1553       4       jdk.internal.loader.URLClassPath::getResource (74 bytes)

VM state: not at safepoint (normal execution)

VM Mutex/Monitor currently owned by a thread: None

Heap address: 0x0000000081600000, size: 2026 MB, Compressed Oops mode: 32-bit

CDS archive(s) mapped at: [0x0000000800000000-0x0000000800c60000-0x0000000800c60000), size 12976128, SharedBaseAddress: 0x0000000800000000, ArchiveRelocationMode: 0.
Compressed class space mapped at: 0x0000000801000000-0x0000000841000000, reserved size: 1073741824
Narrow klass base: 0x0000000800000000, Narrow klass shift: 0, Narrow klass range: 0x100000000

GC Precious Log:
 CardTable entry size: 512
 Card Set container configuration: InlinePtr #cards 5 size 8 Array Of Cards #cards 12 size 40 Howl #buckets 4 coarsen threshold 1843 Howl Bitmap #cards 512 size 80 coarsen threshold 460 Card regions per heap region 1 cards per card region 2048
 CPUs: 4 total, 4 available
 Memory: 8103M
 Large Page Support: Disabled
 NUMA Support: Disabled
 Compressed Oops: Enabled (32-bit)
 Heap Region Size: 1M
 Heap Min Capacity: 8M
 Heap Initial Capacity: 128M
 Heap Max Capacity: 2026M
 Pre-touch: Disabled
 Parallel Workers: 4
 Concurrent Workers: 1
 Concurrent Refinement Workers: 4
 Periodic GC: Disabled

Heap:
 garbage-first heap   total 131072K, used 13100K [0x0000000081600000, 0x0000000100000000)
  region size 1024K, 8 young (8192K), 2 survivors (2048K)
 Metaspace       used 9065K, committed 9344K, reserved 1114112K
  class space    used 1090K, committed 1216K, reserved 1048576K

Heap Regions: E=young(eden), S=young(survivor), O=old, HS=humongous(starts), HC=humongous(continues), CS=collection set, F=free, OA=open archive, CA=closed archive, TAMS=top-at-mark-start, PB=parsable bottom
|   0|0x0000000081600000, 0x0000000081700000, 0x0000000081700000|100%|HS|  |TAMS 0x0000000081600000| PB 0x0000000081600000| Complete 
|   1|0x0000000081700000, 0x0000000081800000, 0x0000000081800000|100%| O|  |TAMS 0x0000000081700000| PB 0x0000000081700000| Untracked 
|   2|0x0000000081800000, 0x0000000081900000, 0x0000000081900000|100%| O|  |TAMS 0x0000000081800000| PB 0x0000000081800000| Untracked 
|   3|0x0000000081900000, 0x0000000081a00000, 0x0000000081a00000|100%| O|  |TAMS 0x0000000081900000| PB 0x0000000081900000| Untracked 
|   4|0x0000000081a00000, 0x0000000081b00000, 0x0000000081b00000|100%| O|  |TAMS 0x0000000081a00000| PB 0x0000000081a00000| Untracked 
|   5|0x0000000081b00000, 0x0000000081c00000, 0x0000000081c00000|100%| O|  |TAMS 0x0000000081b00000| PB 0x0000000081b00000| Untracked 
|   6|0x0000000081c00000, 0x0000000081c6f000, 0x0000000081d00000| 43%| O|  |TAMS 0x0000000081c00000| PB 0x0000000081c00000| Untracked 
|   7|0x0000000081d00000, 0x0000000081d00000, 0x0000000081e00000|  0%| F|  |TAMS 0x0000000081d00000| PB 0x0000000081d00000| Untracked 
|   8|0x0000000081e00000, 0x0000000081e00000, 0x0000000081f00000|  0%| F|  |TAMS 0x0000000081e00000| PB 0x0000000081e00000| Untracked 
|   9|0x0000000081f00000, 0x0000000081f00000, 0x0000000082000000|  0%| F|  |TAMS 0x0000000081f00000| PB 0x0000000081f00000| Untracked 
|  10|0x0000000082000000, 0x0000000082000000, 0x0000000082100000|  0%| F|  |TAMS 0x0000000082000000| PB 0x0000000082000000| Untracked 
|  11|0x0000000082100000, 0x0000000082100000, 0x0000000082200000|  0%| F|  |TAMS 0x0000000082100000| PB 0x0000000082100000| Untracked 
|  12|0x0000000082200000, 0x0000000082200000, 0x0000000082300000|  0%| F|  |TAMS 0x0000000082200000| PB 0x0000000082200000| Untracked 
|  13|0x0000000082300000, 0x0000000082300000, 0x0000000082400000|  0%| F|  |TAMS 0x0000000082300000| PB 0x0000000082300000| Untracked 
|  14|0x0000000082400000, 0x0000000082400000, 0x0000000082500000|  0%| F|  |TAMS 0x0000000082400000| PB 0x0000000082400000| Untracked 
|  15|0x0000000082500000, 0x0000000082500000, 0x0000000082600000|  0%| F|  |TAMS 0x0000000082500000| PB 0x0000000082500000| Untracked 
|  16|0x0000000082600000, 0x0000000082600000, 0x0000000082700000|  0%| F|  |TAMS 0x0000000082600000| PB 0x0000000082600000| Untracked 
|  17|0x0000000082700000, 0x0000000082700000, 0x0000000082800000|  0%| F|  |TAMS 0x0000000082700000| PB 0x0000000082700000| Untracked 
|  18|0x0000000082800000, 0x0000000082800000, 0x0000000082900000|  0%| F|  |TAMS 0x0000000082800000| PB 0x0000000082800000| Untracked 
|  19|0x0000000082900000, 0x0000000082900000, 0x0000000082a00000|  0%| F|  |TAMS 0x0000000082900000| PB 0x0000000082900000| Untracked 
|  20|0x0000000082a00000, 0x0000000082a00000, 0x0000000082b00000|  0%| F|  |TAMS 0x0000000082a00000| PB 0x0000000082a00000| Untracked 
|  21|0x0000000082b00000, 0x0000000082b00000, 0x0000000082c00000|  0%| F|  |TAMS 0x0000000082b00000| PB 0x0000000082b00000| Untracked 
|  22|0x0000000082c00000, 0x0000000082c00000, 0x0000000082d00000|  0%| F|  |TAMS 0x0000000082c00000| PB 0x0000000082c00000| Untracked 
|  23|0x0000000082d00000, 0x0000000082d00000, 0x0000000082e00000|  0%| F|  |TAMS 0x0000000082d00000| PB 0x0000000082d00000| Untracked 
|  24|0x0000000082e00000, 0x0000000082e00000, 0x0000000082f00000|  0%| F|  |TAMS 0x0000000082e00000| PB 0x0000000082e00000| Untracked 
|  25|0x0000000082f00000, 0x0000000082f00000, 0x0000000083000000|  0%| F|  |TAMS 0x0000000082f00000| PB 0x0000000082f00000| Untracked 
|  26|0x0000000083000000, 0x0000000083000000, 0x0000000083100000|  0%| F|  |TAMS 0x0000000083000000| PB 0x0000000083000000| Untracked 
|  27|0x0000000083100000, 0x0000000083100000, 0x0000000083200000|  0%| F|  |TAMS 0x0000000083100000| PB 0x0000000083100000| Untracked 
|  28|0x0000000083200000, 0x0000000083200000, 0x0000000083300000|  0%| F|  |TAMS 0x0000000083200000| PB 0x0000000083200000| Untracked 
|  29|0x0000000083300000, 0x0000000083300000, 0x0000000083400000|  0%| F|  |TAMS 0x0000000083300000| PB 0x0000000083300000| Untracked 
|  30|0x0000000083400000, 0x0000000083400000, 0x0000000083500000|  0%| F|  |TAMS 0x0000000083400000| PB 0x0000000083400000| Untracked 
|  31|0x0000000083500000, 0x0000000083500000, 0x0000000083600000|  0%| F|  |TAMS 0x0000000083500000| PB 0x0000000083500000| Untracked 
|  32|0x0000000083600000, 0x0000000083600000, 0x0000000083700000|  0%| F|  |TAMS 0x0000000083600000| PB 0x0000000083600000| Untracked 
|  33|0x0000000083700000, 0x0000000083700000, 0x0000000083800000|  0%| F|  |TAMS 0x0000000083700000| PB 0x0000000083700000| Untracked 
|  34|0x0000000083800000, 0x0000000083800000, 0x0000000083900000|  0%| F|  |TAMS 0x0000000083800000| PB 0x0000000083800000| Untracked 
|  35|0x0000000083900000, 0x0000000083900000, 0x0000000083a00000|  0%| F|  |TAMS 0x0000000083900000| PB 0x0000000083900000| Untracked 
|  36|0x0000000083a00000, 0x0000000083a00000, 0x0000000083b00000|  0%| F|  |TAMS 0x0000000083a00000| PB 0x0000000083a00000| Untracked 
|  37|0x0000000083b00000, 0x0000000083b00000, 0x0000000083c00000|  0%| F|  |TAMS 0x0000000083b00000| PB 0x0000000083b00000| Untracked 
|  38|0x0000000083c00000, 0x0000000083c00000, 0x0000000083d00000|  0%| F|  |TAMS 0x0000000083c00000| PB 0x0000000083c00000| Untracked 
|  39|0x0000000083d00000, 0x0000000083d00000, 0x0000000083e00000|  0%| F|  |TAMS 0x0000000083d00000| PB 0x0000000083d00000| Untracked 
|  40|0x0000000083e00000, 0x0000000083e00000, 0x0000000083f00000|  0%| F|  |TAMS 0x0000000083e00000| PB 0x0000000083e00000| Untracked 
|  41|0x0000000083f00000, 0x0000000083f00000, 0x0000000084000000|  0%| F|  |TAMS 0x0000000083f00000| PB 0x0000000083f00000| Untracked 
|  42|0x0000000084000000, 0x0000000084000000, 0x0000000084100000|  0%| F|  |TAMS 0x0000000084000000| PB 0x0000000084000000| Untracked 
|  43|0x0000000084100000, 0x0000000084100000, 0x0000000084200000|  0%| F|  |TAMS 0x0000000084100000| PB 0x0000000084100000| Untracked 
|  44|0x0000000084200000, 0x0000000084200000, 0x0000000084300000|  0%| F|  |TAMS 0x0000000084200000| PB 0x0000000084200000| Untracked 
|  45|0x0000000084300000, 0x0000000084300000, 0x0000000084400000|  0%| F|  |TAMS 0x0000000084300000| PB 0x0000000084300000| Untracked 
|  46|0x0000000084400000, 0x0000000084400000, 0x0000000084500000|  0%| F|  |TAMS 0x0000000084400000| PB 0x0000000084400000| Untracked 
|  47|0x0000000084500000, 0x0000000084500000, 0x0000000084600000|  0%| F|  |TAMS 0x0000000084500000| PB 0x0000000084500000| Untracked 
|  48|0x0000000084600000, 0x0000000084600000, 0x0000000084700000|  0%| F|  |TAMS 0x0000000084600000| PB 0x0000000084600000| Untracked 
|  49|0x0000000084700000, 0x0000000084700000, 0x0000000084800000|  0%| F|  |TAMS 0x0000000084700000| PB 0x0000000084700000| Untracked 
|  50|0x0000000084800000, 0x0000000084800000, 0x0000000084900000|  0%| F|  |TAMS 0x0000000084800000| PB 0x0000000084800000| Untracked 
|  51|0x0000000084900000, 0x0000000084900000, 0x0000000084a00000|  0%| F|  |TAMS 0x0000000084900000| PB 0x0000000084900000| Untracked 
|  52|0x0000000084a00000, 0x0000000084a00000, 0x0000000084b00000|  0%| F|  |TAMS 0x0000000084a00000| PB 0x0000000084a00000| Untracked 
|  53|0x0000000084b00000, 0x0000000084b00000, 0x0000000084c00000|  0%| F|  |TAMS 0x0000000084b00000| PB 0x0000000084b00000| Untracked 
|  54|0x0000000084c00000, 0x0000000084c00000, 0x0000000084d00000|  0%| F|  |TAMS 0x0000000084c00000| PB 0x0000000084c00000| Untracked 
|  55|0x0000000084d00000, 0x0000000084d00000, 0x0000000084e00000|  0%| F|  |TAMS 0x0000000084d00000| PB 0x0000000084d00000| Untracked 
|  56|0x0000000084e00000, 0x0000000084e00000, 0x0000000084f00000|  0%| F|  |TAMS 0x0000000084e00000| PB 0x0000000084e00000| Untracked 
|  57|0x0000000084f00000, 0x0000000084f00000, 0x0000000085000000|  0%| F|  |TAMS 0x0000000084f00000| PB 0x0000000084f00000| Untracked 
|  58|0x0000000085000000, 0x0000000085000000, 0x0000000085100000|  0%| F|  |TAMS 0x0000000085000000| PB 0x0000000085000000| Untracked 
|  59|0x0000000085100000, 0x0000000085100000, 0x0000000085200000|  0%| F|  |TAMS 0x0000000085100000| PB 0x0000000085100000| Untracked 
|  60|0x0000000085200000, 0x0000000085200000, 0x0000000085300000|  0%| F|  |TAMS 0x0000000085200000| PB 0x0000000085200000| Untracked 
|  61|0x0000000085300000, 0x0000000085300000, 0x0000000085400000|  0%| F|  |TAMS 0x0000000085300000| PB 0x0000000085300000| Untracked 
|  62|0x0000000085400000, 0x0000000085400000, 0x0000000085500000|  0%| F|  |TAMS 0x0000000085400000| PB 0x0000000085400000| Untracked 
|  63|0x0000000085500000, 0x0000000085500000, 0x0000000085600000|  0%| F|  |TAMS 0x0000000085500000| PB 0x0000000085500000| Untracked 
|  64|0x0000000085600000, 0x0000000085600000, 0x0000000085700000|  0%| F|  |TAMS 0x0000000085600000| PB 0x0000000085600000| Untracked 
|  65|0x0000000085700000, 0x0000000085700000, 0x0000000085800000|  0%| F|  |TAMS 0x0000000085700000| PB 0x0000000085700000| Untracked 
|  66|0x0000000085800000, 0x0000000085800000, 0x0000000085900000|  0%| F|  |TAMS 0x0000000085800000| PB 0x0000000085800000| Untracked 
|  67|0x0000000085900000, 0x0000000085900000, 0x0000000085a00000|  0%| F|  |TAMS 0x0000000085900000| PB 0x0000000085900000| Untracked 
|  68|0x0000000085a00000, 0x0000000085a00000, 0x0000000085b00000|  0%| F|  |TAMS 0x0000000085a00000| PB 0x0000000085a00000| Untracked 
|  69|0x0000000085b00000, 0x0000000085b00000, 0x0000000085c00000|  0%| F|  |TAMS 0x0000000085b00000| PB 0x0000000085b00000| Untracked 
|  70|0x0000000085c00000, 0x0000000085c00000, 0x0000000085d00000|  0%| F|  |TAMS 0x0000000085c00000| PB 0x0000000085c00000| Untracked 
|  71|0x0000000085d00000, 0x0000000085d00000, 0x0000000085e00000|  0%| F|  |TAMS 0x0000000085d00000| PB 0x0000000085d00000| Untracked 
|  72|0x0000000085e00000, 0x0000000085e00000, 0x0000000085f00000|  0%| F|  |TAMS 0x0000000085e00000| PB 0x0000000085e00000| Untracked 
|  73|0x0000000085f00000, 0x0000000085f00000, 0x0000000086000000|  0%| F|  |TAMS 0x0000000085f00000| PB 0x0000000085f00000| Untracked 
|  74|0x0000000086000000, 0x0000000086000000, 0x0000000086100000|  0%| F|  |TAMS 0x0000000086000000| PB 0x0000000086000000| Untracked 
|  75|0x0000000086100000, 0x0000000086100000, 0x0000000086200000|  0%| F|  |TAMS 0x0000000086100000| PB 0x0000000086100000| Untracked 
|  76|0x0000000086200000, 0x0000000086200000, 0x0000000086300000|  0%| F|  |TAMS 0x0000000086200000| PB 0x0000000086200000| Untracked 
|  77|0x0000000086300000, 0x0000000086300000, 0x0000000086400000|  0%| F|  |TAMS 0x0000000086300000| PB 0x0000000086300000| Untracked 
|  78|0x0000000086400000, 0x0000000086400000, 0x0000000086500000|  0%| F|  |TAMS 0x0000000086400000| PB 0x0000000086400000| Untracked 
|  79|0x0000000086500000, 0x0000000086500000, 0x0000000086600000|  0%| F|  |TAMS 0x0000000086500000| PB 0x0000000086500000| Untracked 
|  80|0x0000000086600000, 0x0000000086600000, 0x0000000086700000|  0%| F|  |TAMS 0x0000000086600000| PB 0x0000000086600000| Untracked 
|  81|0x0000000086700000, 0x0000000086700000, 0x0000000086800000|  0%| F|  |TAMS 0x0000000086700000| PB 0x0000000086700000| Untracked 
|  82|0x0000000086800000, 0x0000000086800000, 0x0000000086900000|  0%| F|  |TAMS 0x0000000086800000| PB 0x0000000086800000| Untracked 
|  83|0x0000000086900000, 0x0000000086900000, 0x0000000086a00000|  0%| F|  |TAMS 0x0000000086900000| PB 0x0000000086900000| Untracked 
|  84|0x0000000086a00000, 0x0000000086a00000, 0x0000000086b00000|  0%| F|  |TAMS 0x0000000086a00000| PB 0x0000000086a00000| Untracked 
|  85|0x0000000086b00000, 0x0000000086b00000, 0x0000000086c00000|  0%| F|  |TAMS 0x0000000086b00000| PB 0x0000000086b00000| Untracked 
|  86|0x0000000086c00000, 0x0000000086c00000, 0x0000000086d00000|  0%| F|  |TAMS 0x0000000086c00000| PB 0x0000000086c00000| Untracked 
|  87|0x0000000086d00000, 0x0000000086d00000, 0x0000000086e00000|  0%| F|  |TAMS 0x0000000086d00000| PB 0x0000000086d00000| Untracked 
|  88|0x0000000086e00000, 0x0000000086e00000, 0x0000000086f00000|  0%| F|  |TAMS 0x0000000086e00000| PB 0x0000000086e00000| Untracked 
|  89|0x0000000086f00000, 0x0000000086f00000, 0x0000000087000000|  0%| F|  |TAMS 0x0000000086f00000| PB 0x0000000086f00000| Untracked 
|  90|0x0000000087000000, 0x0000000087000000, 0x0000000087100000|  0%| F|  |TAMS 0x0000000087000000| PB 0x0000000087000000| Untracked 
|  91|0x0000000087100000, 0x0000000087100000, 0x0000000087200000|  0%| F|  |TAMS 0x0000000087100000| PB 0x0000000087100000| Untracked 
|  92|0x0000000087200000, 0x0000000087200000, 0x0000000087300000|  0%| F|  |TAMS 0x0000000087200000| PB 0x0000000087200000| Untracked 
|  93|0x0000000087300000, 0x0000000087300000, 0x0000000087400000|  0%| F|  |TAMS 0x0000000087300000| PB 0x0000000087300000| Untracked 
|  94|0x0000000087400000, 0x0000000087400000, 0x0000000087500000|  0%| F|  |TAMS 0x0000000087400000| PB 0x0000000087400000| Untracked 
|  95|0x0000000087500000, 0x0000000087500000, 0x0000000087600000|  0%| F|  |TAMS 0x0000000087500000| PB 0x0000000087500000| Untracked 
|  96|0x0000000087600000, 0x0000000087600000, 0x0000000087700000|  0%| F|  |TAMS 0x0000000087600000| PB 0x0000000087600000| Untracked 
|  97|0x0000000087700000, 0x0000000087700000, 0x0000000087800000|  0%| F|  |TAMS 0x0000000087700000| PB 0x0000000087700000| Untracked 
|  98|0x0000000087800000, 0x0000000087800000, 0x0000000087900000|  0%| F|  |TAMS 0x0000000087800000| PB 0x0000000087800000| Untracked 
|  99|0x0000000087900000, 0x0000000087900000, 0x0000000087a00000|  0%| F|  |TAMS 0x0000000087900000| PB 0x0000000087900000| Untracked 
| 100|0x0000000087a00000, 0x0000000087a00000, 0x0000000087b00000|  0%| F|  |TAMS 0x0000000087a00000| PB 0x0000000087a00000| Untracked 
| 101|0x0000000087b00000, 0x0000000087b00000, 0x0000000087c00000|  0%| F|  |TAMS 0x0000000087b00000| PB 0x0000000087b00000| Untracked 
| 102|0x0000000087c00000, 0x0000000087c00000, 0x0000000087d00000|  0%| F|  |TAMS 0x0000000087c00000| PB 0x0000000087c00000| Untracked 
| 103|0x0000000087d00000, 0x0000000087d00000, 0x0000000087e00000|  0%| F|  |TAMS 0x0000000087d00000| PB 0x0000000087d00000| Untracked 
| 104|0x0000000087e00000, 0x0000000087e00000, 0x0000000087f00000|  0%| F|  |TAMS 0x0000000087e00000| PB 0x0000000087e00000| Untracked 
| 105|0x0000000087f00000, 0x0000000087f00000, 0x0000000088000000|  0%| F|  |TAMS 0x0000000087f00000| PB 0x0000000087f00000| Untracked 
| 106|0x0000000088000000, 0x0000000088000000, 0x0000000088100000|  0%| F|  |TAMS 0x0000000088000000| PB 0x0000000088000000| Untracked 
| 107|0x0000000088100000, 0x0000000088100000, 0x0000000088200000|  0%| F|  |TAMS 0x0000000088100000| PB 0x0000000088100000| Untracked 
| 108|0x0000000088200000, 0x0000000088200000, 0x0000000088300000|  0%| F|  |TAMS 0x0000000088200000| PB 0x0000000088200000| Untracked 
| 109|0x0000000088300000, 0x0000000088300000, 0x0000000088400000|  0%| F|  |TAMS 0x0000000088300000| PB 0x0000000088300000| Untracked 
| 110|0x0000000088400000, 0x0000000088400000, 0x0000000088500000|  0%| F|  |TAMS 0x0000000088400000| PB 0x0000000088400000| Untracked 
| 111|0x0000000088500000, 0x000000008855c100, 0x0000000088600000| 35%| S|CS|TAMS 0x0000000088500000| PB 0x0000000088500000| Complete 
| 112|0x0000000088600000, 0x0000000088700000, 0x0000000088700000|100%| S|CS|TAMS 0x0000000088600000| PB 0x0000000088600000| Complete 
| 113|0x0000000088700000, 0x0000000088700000, 0x0000000088800000|  0%| F|  |TAMS 0x0000000088700000| PB 0x0000000088700000| Untracked 
| 114|0x0000000088800000, 0x0000000088800000, 0x0000000088900000|  0%| F|  |TAMS 0x0000000088800000| PB 0x0000000088800000| Untracked 
| 115|0x0000000088900000, 0x0000000088900000, 0x0000000088a00000|  0%| F|  |TAMS 0x0000000088900000| PB 0x0000000088900000| Untracked 
| 116|0x0000000088a00000, 0x0000000088a00000, 0x0000000088b00000|  0%| F|  |TAMS 0x0000000088a00000| PB 0x0000000088a00000| Untracked 
| 117|0x0000000088b00000, 0x0000000088b00000, 0x0000000088c00000|  0%| F|  |TAMS 0x0000000088b00000| PB 0x0000000088b00000| Untracked 
| 118|0x0000000088c00000, 0x0000000088c00000, 0x0000000088d00000|  0%| F|  |TAMS 0x0000000088c00000| PB 0x0000000088c00000| Untracked 
| 119|0x0000000088d00000, 0x0000000088d00000, 0x0000000088e00000|  0%| F|  |TAMS 0x0000000088d00000| PB 0x0000000088d00000| Untracked 
| 120|0x0000000088e00000, 0x0000000088e00000, 0x0000000088f00000|  0%| F|  |TAMS 0x0000000088e00000| PB 0x0000000088e00000| Untracked 
| 121|0x0000000088f00000, 0x0000000088f00000, 0x0000000089000000|  0%| F|  |TAMS 0x0000000088f00000| PB 0x0000000088f00000| Untracked 
| 122|0x0000000089000000, 0x000000008905bca8, 0x0000000089100000| 35%| E|  |TAMS 0x0000000089000000| PB 0x0000000089000000| Complete 
| 123|0x0000000089100000, 0x0000000089200000, 0x0000000089200000|100%| E|CS|TAMS 0x0000000089100000| PB 0x0000000089100000| Complete 
| 124|0x0000000089200000, 0x0000000089300000, 0x0000000089300000|100%| E|CS|TAMS 0x0000000089200000| PB 0x0000000089200000| Complete 
| 125|0x0000000089300000, 0x0000000089400000, 0x0000000089400000|100%| E|CS|TAMS 0x0000000089300000| PB 0x0000000089300000| Complete 
| 126|0x0000000089400000, 0x0000000089500000, 0x0000000089500000|100%| E|CS|TAMS 0x0000000089400000| PB 0x0000000089400000| Complete 
| 127|0x0000000089500000, 0x0000000089600000, 0x0000000089600000|100%| E|CS|TAMS 0x0000000089500000| PB 0x0000000089500000| Complete 

Card table byte_map: [0x00000158eedc0000,0x00000158ef1c0000] _byte_map_base: 0x00000158ee9b5000

Marking Bits: (CMBitMap*) 0x00000158d797b040
 Bits: [0x00000158ef5c0000, 0x00000158f1568000)

Polling page: 0x00000158d5890000

Metaspace:

Usage:
  Non-class:      7.85 MB used.
      Class:      1.07 MB used.
       Both:      8.92 MB used.

Virtual space:
  Non-class space:       64.00 MB reserved,       8.00 MB ( 12%) committed,  1 nodes.
      Class space:        1.00 GB reserved,       1.19 MB ( <1%) committed,  1 nodes.
             Both:        1.06 GB reserved,       9.19 MB ( <1%) committed. 

Chunk freelists:
   Non-Class:  3.55 MB
       Class:  2.70 MB
        Both:  6.25 MB

MaxMetaspaceSize: unlimited
CompressedClassSpaceSize: 1.00 GB
Initial GC threshold: 21.00 MB
Current GC threshold: 21.00 MB
CDS: on
MetaspaceReclaimPolicy: balanced
 - commit_granule_bytes: 65536.
 - commit_granule_words: 8192.
 - virtual_space_node_default_size: 8388608.
 - enlarge_chunks_in_place: 1.
 - new_chunks_are_fully_committed: 0.
 - uncommit_free_chunks: 1.
 - use_allocation_guard: 0.


Internal statistics:

num_allocs_failed_limit: 0.
num_arena_births: 196.
num_arena_deaths: 0.
num_vsnodes_births: 2.
num_vsnodes_deaths: 0.
num_space_committed: 147.
num_space_uncommitted: 0.
num_chunks_returned_to_freelist: 0.
num_chunks_taken_from_freelist: 482.
num_chunk_merges: 0.
num_chunk_splits: 299.
num_chunks_enlarged: 205.
num_inconsistent_stats: 0.

CodeHeap 'non-profiled nmethods': size=120000Kb used=516Kb max_used=516Kb free=119483Kb
 bounds [0x00000158e7490000, 0x00000158e7700000, 0x00000158ee9c0000]
CodeHeap 'profiled nmethods': size=120000Kb used=2710Kb max_used=2710Kb free=117289Kb
 bounds [0x00000158df9c0000, 0x00000158dfc70000, 0x00000158e6ef0000]
CodeHeap 'non-nmethods': size=5760Kb used=1433Kb max_used=1447Kb free=4326Kb
 bounds [0x00000158e6ef0000, 0x00000158e7160000, 0x00000158e7490000]
 total_blobs=2047 nmethods=1578 adapters=379
 compilation: enabled
              stopped_count=0, restarted_count=0
 full_count=0

Compilation events (20 events):
Event: 5.056 Thread 0x00000158f3a5c090 nmethod 1547 0x00000158e7510c90 code [0x00000158e7510e00, 0x00000158e7510eb8]
Event: 5.056 Thread 0x00000158f7c1cba0 1551       3       org.springframework.core.ResolvableType::resolveClass (74 bytes)
Event: 5.056 Thread 0x00000158f7c1cba0 nmethod 1551 0x00000158dfc58090 code [0x00000158dfc582a0, 0x00000158dfc58bc0]
Event: 5.056 Thread 0x00000158f7c1cba0 1548       3       org.springframework.core.ResolvableType::toClass (7 bytes)
Event: 5.057 Thread 0x00000158f7c1cba0 nmethod 1548 0x00000158dfc58d90 code [0x00000158dfc58f20, 0x00000158dfc59188]
Event: 5.058 Thread 0x00000158f3a5c090 1553       4       jdk.internal.loader.URLClassPath::getResource (74 bytes)
Event: 5.062 Thread 0x00000158f7c1cba0 1554       3       java.lang.invoke.Invokers::maybeCustomize (5 bytes)
Event: 5.062 Thread 0x00000158f7c1cba0 nmethod 1554 0x00000158dfc59290 code [0x00000158dfc59420, 0x00000158dfc595c8]
Event: 5.081 Thread 0x00000158f7c1cba0 1556       3       java.util.BitSet::wordIndex (5 bytes)
Event: 5.081 Thread 0x00000158f7c1cba0 nmethod 1556 0x00000158dfc59690 code [0x00000158dfc59820, 0x00000158dfc59910]
Event: 5.082 Thread 0x00000158f7c1cba0 1557       3       java.util.BitSet::checkInvariants (111 bytes)
Event: 5.082 Thread 0x00000158f7c1cba0 nmethod 1557 0x00000158dfc59990 code [0x00000158dfc59b20, 0x00000158dfc59c60]
Event: 5.087 Thread 0x00000158f7c1cba0 1558       3       java.lang.invoke.DirectMethodHandle$Constructor::viewAsType (49 bytes)
Event: 5.087 Thread 0x00000158f7c1cba0 nmethod 1558 0x00000158dfc59d10 code [0x00000158dfc59ea0, 0x00000158dfc5a070]
Event: 5.087 Thread 0x00000158f7c1cba0 1559       3       java.util.BitSet::get (69 bytes)
Event: 5.088 Thread 0x00000158f7c1cba0 nmethod 1559 0x00000158dfc5a190 code [0x00000158dfc5a3c0, 0x00000158dfc5ab48]
Event: 5.092 Thread 0x00000158f7c1cba0 1560       3       java.util.LinkedHashMap::newNode (23 bytes)
Event: 5.092 Thread 0x00000158f7c1cba0 nmethod 1560 0x00000158dfc5ae90 code [0x00000158dfc5b040, 0x00000158dfc5b430]
Event: 5.094 Thread 0x00000158f7c1cba0 1561       3       java.util.LinkedHashMap::afterNodeInsertion (40 bytes)
Event: 5.095 Thread 0x00000158f7c1cba0 nmethod 1561 0x00000158dfc5b590 code [0x00000158dfc5b760, 0x00000158dfc5bbd8]

GC Heap History (4 events):
Event: 4.154 GC heap before
{Heap before GC invocations=0 (full 0):
 garbage-first heap   total 131072K, used 13312K [0x0000000081600000, 0x0000000100000000)
  region size 1024K, 13 young (13312K), 0 survivors (0K)
 Metaspace       used 3577K, committed 3776K, reserved 1114112K
  class space    used 354K, committed 448K, reserved 1048576K
}
Event: 4.169 GC heap after
{Heap after GC invocations=1 (full 0):
 garbage-first heap   total 131072K, used 6464K [0x0000000081600000, 0x0000000100000000)
  region size 1024K, 2 young (2048K), 2 survivors (2048K)
 Metaspace       used 3577K, committed 3776K, reserved 1114112K
  class space    used 354K, committed 448K, reserved 1048576K
}
Event: 4.842 GC heap before
{Heap before GC invocations=1 (full 0):
 garbage-first heap   total 131072K, used 19776K [0x0000000081600000, 0x0000000100000000)
  region size 1024K, 15 young (15360K), 2 survivors (2048K)
 Metaspace       used 7427K, committed 7616K, reserved 1114112K
  class space    used 870K, committed 960K, reserved 1048576K
}
Event: 4.847 GC heap after
{Heap after GC invocations=2 (full 0):
 garbage-first heap   total 131072K, used 7980K [0x0000000081600000, 0x0000000100000000)
  region size 1024K, 2 young (2048K), 2 survivors (2048K)
 Metaspace       used 7427K, committed 7616K, reserved 1114112K
  class space    used 870K, committed 960K, reserved 1048576K
}

Dll operation events (10 events):
Event: 0.032 Loaded shared library C:\Users\Almir\.jdks\openjdk-20.0.1\bin\java.dll
Event: 0.083 Loaded shared library C:\Users\Almir\.jdks\openjdk-20.0.1\bin\jsvml.dll
Event: 0.442 Loaded shared library C:\Users\Almir\.jdks\openjdk-20.0.1\bin\zip.dll
Event: 0.449 Loaded shared library C:\Users\Almir\.jdks\openjdk-20.0.1\bin\instrument.dll
Event: 0.463 Loaded shared library C:\Users\Almir\.jdks\openjdk-20.0.1\bin\net.dll
Event: 0.467 Loaded shared library C:\Users\Almir\.jdks\openjdk-20.0.1\bin\nio.dll
Event: 0.473 Loaded shared library C:\Users\Almir\.jdks\openjdk-20.0.1\bin\zip.dll
Event: 1.608 Loaded shared library C:\Users\Almir\.jdks\openjdk-20.0.1\bin\jimage.dll
Event: 3.673 Loaded shared library C:\Program Files\JetBrains\IntelliJ IDEA Community Edition 2023.1\bin\breakgen64.dll
Event: 3.690 Loaded shared library C:\Users\Almir\.jdks\openjdk-20.0.1\bin\extnet.dll

Deoptimization events (20 events):
Event: 4.707 Thread 0x00000158d791d350 Uncommon trap: trap_request=0xffffffde fr.pc=0x00000158e74f0398 relative=0x0000000000000a18
Event: 4.707 Thread 0x00000158d791d350 Uncommon trap: reason=class_check action=maybe_recompile pc=0x00000158e74f0398 method=java.util.HashMap.putVal(ILjava/lang/Object;Ljava/lang/Object;ZZ)Ljava/lang/Object; @ 91 c2
Event: 4.707 Thread 0x00000158d791d350 DEOPT PACKING pc=0x00000158e74f0398 sp=0x00000027deafe140
Event: 4.707 Thread 0x00000158d791d350 DEOPT UNPACKING pc=0x00000158e6f59d22 sp=0x00000027deafe0e0 mode 2
Event: 4.736 Thread 0x00000158d791d350 Uncommon trap: trap_request=0xffffff45 fr.pc=0x00000158e74c2160 relative=0x0000000000000260
Event: 4.736 Thread 0x00000158d791d350 Uncommon trap: reason=unstable_if action=reinterpret pc=0x00000158e74c2160 method=java.lang.String.startsWith(Ljava/lang/String;I)Z @ 1 c2
Event: 4.736 Thread 0x00000158d791d350 DEOPT PACKING pc=0x00000158e74c2160 sp=0x00000027deafe2e0
Event: 4.736 Thread 0x00000158d791d350 DEOPT UNPACKING pc=0x00000158e6f59d22 sp=0x00000027deafe248 mode 2
Event: 4.757 Thread 0x00000158d791d350 Uncommon trap: trap_request=0xffffffc6 fr.pc=0x00000158e74eaa28 relative=0x00000000000002e8
Event: 4.757 Thread 0x00000158d791d350 Uncommon trap: reason=bimorphic_or_optimized_type_check action=maybe_recompile pc=0x00000158e74eaa28 method=java.util.concurrent.ConcurrentHashMap.get(Ljava/lang/Object;)Ljava/lang/Object; @ 149 c2
Event: 4.757 Thread 0x00000158d791d350 DEOPT PACKING pc=0x00000158e74eaa28 sp=0x00000027deafd4a0
Event: 4.757 Thread 0x00000158d791d350 DEOPT UNPACKING pc=0x00000158e6f59d22 sp=0x00000027deafd410 mode 2
Event: 4.757 Thread 0x00000158d791d350 Uncommon trap: trap_request=0xffffffc6 fr.pc=0x00000158e74eaa28 relative=0x00000000000002e8
Event: 4.757 Thread 0x00000158d791d350 Uncommon trap: reason=bimorphic_or_optimized_type_check action=maybe_recompile pc=0x00000158e74eaa28 method=java.util.concurrent.ConcurrentHashMap.get(Ljava/lang/Object;)Ljava/lang/Object; @ 149 c2
Event: 4.757 Thread 0x00000158d791d350 DEOPT PACKING pc=0x00000158e74eaa28 sp=0x00000027deafcfd0
Event: 4.757 Thread 0x00000158d791d350 DEOPT UNPACKING pc=0x00000158e6f59d22 sp=0x00000027deafcf40 mode 2
Event: 4.757 Thread 0x00000158d791d350 Uncommon trap: trap_request=0xffffffc6 fr.pc=0x00000158e74eaa28 relative=0x00000000000002e8
Event: 4.757 Thread 0x00000158d791d350 Uncommon trap: reason=bimorphic_or_optimized_type_check action=maybe_recompile pc=0x00000158e74eaa28 method=java.util.concurrent.ConcurrentHashMap.get(Ljava/lang/Object;)Ljava/lang/Object; @ 149 c2
Event: 4.757 Thread 0x00000158d791d350 DEOPT PACKING pc=0x00000158e74eaa28 sp=0x00000027deafdc00
Event: 4.757 Thread 0x00000158d791d350 DEOPT UNPACKING pc=0x00000158e6f59d22 sp=0x00000027deafdb70 mode 2

Classes loaded (20 events):
Event: 5.044 Loading class java/io/UnsupportedEncodingException
Event: 5.044 Loading class java/io/UnsupportedEncodingException done
Event: 5.047 Loading class java/io/Console
Event: 5.048 Loading class java/io/Console done
Event: 5.049 Loading class jdk/internal/io/JdkConsoleProvider
Event: 5.049 Loading class jdk/internal/io/JdkConsoleProvider done
Event: 5.049 Loading class java/util/ServiceLoader$LayerLookupIterator
Event: 5.049 Loading class java/util/ServiceLoader$LayerLookupIterator done
Event: 5.049 Loading class java/util/ServiceLoader$ProviderSpliterator
Event: 5.050 Loading class java/util/ServiceLoader$ProviderSpliterator done
Event: 5.051 Loading class jdk/internal/io/JdkConsole
Event: 5.051 Loading class jdk/internal/io/JdkConsole done
Event: 5.056 Loading class java/util/AbstractMap$2
Event: 5.057 Loading class java/util/AbstractMap$2 done
Event: 5.057 Loading class java/util/AbstractMap$2$1
Event: 5.057 Loading class java/util/AbstractMap$2$1 done
Event: 5.057 Loading class java/io/Console$2
Event: 5.057 Loading class jdk/internal/access/JavaIOAccess
Event: 5.058 Loading class jdk/internal/access/JavaIOAccess done
Event: 5.058 Loading class java/io/Console$2 done

Classes unloaded (0 events):
No events

Classes redefined (0 events):
No events

Internal exceptions (20 events):
Event: 4.733 Thread 0x00000158d791d350 Exception <a 'java/lang/NoSuchMethodError'{0x0000000088bd8630}: 'int java.lang.invoke.DirectMethodHandle$Holder.invokeVirtual(java.lang.Object, java.lang.Object)'> (0x0000000088bd8630) 
thrown [s\open\src\hotspot\share\interpreter\linkResolver.cpp, line 773]
Event: 4.770 Thread 0x00000158d791d350 Exception <a 'java/lang/NoSuchMethodError'{0x0000000088a95ca0}: 'java.lang.Object java.lang.invoke.DirectMethodHandle$Holder.invokeSpecial(java.lang.Object, java.lang.Object, java.lang.Object, int, java.lang.Object)'> (0x0000000088a95ca0) 
thrown [s\open\src\hotspot\share\interpreter\linkResolver.cpp, line 773]
Event: 4.771 Thread 0x00000158d791d350 Exception <a 'java/lang/NoSuchMethodError'{0x0000000088a9e280}: 'java.lang.Object java.lang.invoke.DirectMethodHandle$Holder.newInvokeSpecial(java.lang.Object, java.lang.Object, java.lang.Object, int, java.lang.Object)'> (0x0000000088a9e280) 
thrown [s\open\src\hotspot\share\interpreter\linkResolver.cpp, line 773]
Event: 4.772 Thread 0x00000158d791d350 Exception <a 'java/lang/NoSuchMethodError'{0x0000000088aa5738}: 'java.lang.Object java.lang.invoke.Invokers$Holder.linkToTargetMethod(java.lang.Object, java.lang.Object, int, java.lang.Object, java.lang.Object)'> (0x0000000088aa5738) 
thrown [s\open\src\hotspot\share\interpreter\linkResolver.cpp, line 773]
Event: 4.777 Thread 0x00000158d791d350 Exception <a 'java/lang/NoSuchMethodError'{0x0000000088ab3d18}: 'java.lang.Object java.lang.invoke.DirectMethodHandle$Holder.newInvokeSpecial(java.lang.Object, int, java.lang.Object)'> (0x0000000088ab3d18) 
thrown [s\open\src\hotspot\share\interpreter\linkResolver.cpp, line 773]
Event: 4.779 Thread 0x00000158d791d350 Exception <a 'java/lang/NoSuchMethodError'{0x0000000088ab86c8}: 'int java.lang.invoke.DirectMethodHandle$Holder.invokeSpecialIFC(java.lang.Object, java.lang.Object, java.lang.Object, java.lang.Object)'> (0x0000000088ab86c8) 
thrown [s\open\src\hotspot\share\interpreter\linkResolver.cpp, line 773]
Event: 4.812 Thread 0x00000158d791d350 Exception <a 'java/lang/NoSuchMethodError'{0x000000008897b868}: 'void java.lang.invoke.DirectMethodHandle$Holder.invokeInterface(java.lang.Object, java.lang.Object, java.lang.Object)'> (0x000000008897b868) 
thrown [s\open\src\hotspot\share\interpreter\linkResolver.cpp, line 773]
Event: 4.837 Thread 0x00000158d791d350 Exception <a 'java/lang/NoSuchMethodError'{0x00000000889e8800}: 'void java.lang.invoke.DirectMethodHandle$Holder.invokeStaticInit(java.lang.Object, java.lang.Object)'> (0x00000000889e8800) 
thrown [s\open\src\hotspot\share\interpreter\linkResolver.cpp, line 773]
Event: 4.840 Thread 0x00000158d791d350 Exception <a 'java/lang/NoSuchMethodError'{0x00000000889f4978}: 'void java.lang.invoke.DirectMethodHandle$Holder.invokeStaticInit(java.lang.Object, java.lang.Object, java.lang.Object)'> (0x00000000889f4978) 
thrown [s\open\src\hotspot\share\interpreter\linkResolver.cpp, line 773]
Event: 4.856 Thread 0x00000158d791d350 Exception <a 'java/lang/NoSuchMethodError'{0x0000000089530348}: 'java.lang.Object java.lang.invoke.DirectMethodHandle$Holder.invokeStatic(java.lang.Object, long, java.lang.Object)'> (0x0000000089530348) 
thrown [s\open\src\hotspot\share\interpreter\linkResolver.cpp, line 773]
Event: 4.856 Thread 0x00000158d791d350 Exception <a 'java/lang/NoSuchMethodError'{0x00000000895339a0}: 'java.lang.Object java.lang.invoke.DirectMethodHandle$Holder.invokeStaticInit(java.lang.Object, long, java.lang.Object)'> (0x00000000895339a0) 
thrown [s\open\src\hotspot\share\interpreter\linkResolver.cpp, line 773]
Event: 4.857 Thread 0x00000158d791d350 Exception <a 'java/lang/NoSuchMethodError'{0x0000000089539700}: 'java.lang.Object java.lang.invoke.DirectMethodHandle$Holder.newInvokeSpecial(java.lang.Object, long)'> (0x0000000089539700) 
thrown [s\open\src\hotspot\share\interpreter\linkResolver.cpp, line 773]
Event: 4.875 Thread 0x00000158d791d350 Exception <a 'java/lang/NoSuchMethodError'{0x00000000895a99e8}: 'void java.lang.invoke.DirectMethodHandle$Holder.invokeVirtual(java.lang.Object, java.lang.Object, java.lang.Object, java.lang.Object)'> (0x00000000895a99e8) 
thrown [s\open\src\hotspot\share\interpreter\linkResolver.cpp, line 773]
Event: 5.001 Thread 0x00000158d791d350 Exception <a 'java/lang/NoSuchMethodError'{0x00000000894e6c30}: 'void java.lang.invoke.DirectMethodHandle$Holder.invokeSpecial(java.lang.Object, java.lang.Object, java.lang.Object)'> (0x00000000894e6c30) 
thrown [s\open\src\hotspot\share\interpreter\linkResolver.cpp, line 773]
Event: 5.002 Thread 0x00000158d791d350 Exception <a 'java/lang/NoSuchMethodError'{0x00000000894ed178}: 'void java.lang.invoke.DirectMethodHandle$Holder.invokeSpecial(java.lang.Object, java.lang.Object, java.lang.Object, java.lang.Object, java.lang.Object)'> (0x00000000894ed178) 
thrown [s\open\src\hotspot\share\interpreter\linkResolver.cpp, line 773]
Event: 5.042 Thread 0x00000158d791d350 Exception <a 'java/lang/IncompatibleClassChangeError'{0x000000008931b3a0}: Found class java.lang.Object, but interface was expected> (0x000000008931b3a0) 
thrown [s\open\src\hotspot\share\interpreter\linkResolver.cpp, line 840]
Event: 5.048 Thread 0x00000158d791d350 Exception <a 'java/lang/NoSuchMethodError'{0x000000008932f308}: 'java.lang.Object java.lang.invoke.DirectMethodHandle$Holder.invokeStaticInit(java.lang.Object, int)'> (0x000000008932f308) 
thrown [s\open\src\hotspot\share\interpreter\linkResolver.cpp, line 773]
Event: 5.051 Thread 0x00000158d791d350 Exception <a 'java/lang/NoSuchMethodError'{0x000000008933a490}: 'java.lang.Object java.lang.invoke.DirectMethodHandle$Holder.invokeStatic(java.lang.Object, int, java.lang.Object)'> (0x000000008933a490) 
thrown [s\open\src\hotspot\share\interpreter\linkResolver.cpp, line 773]
Event: 5.052 Thread 0x00000158d791d350 Exception <a 'java/lang/NoSuchMethodError'{0x000000008935f1d0}: 'java.lang.Object java.lang.invoke.DirectMethodHandle$Holder.invokeStaticInit(java.lang.Object, int, java.lang.Object)'> (0x000000008935f1d0) 
thrown [s\open\src\hotspot\share\interpreter\linkResolver.cpp, line 773]
Event: 5.056 Thread 0x00000158f8be2b70 Exception <a 'java/lang/NoClassDefFoundError'{0x0000000089350248}: jakarta/validation/Validation> (0x0000000089350248) 
thrown [s\open\src\hotspot\share\classfile\systemDictionary.cpp, line 294]

VM Operations (20 events):
Event: 3.956 Executing VM operation: HandshakeAllThreads
Event: 3.956 Executing VM operation: HandshakeAllThreads done
Event: 4.154 Executing VM operation: G1CollectForAllocation
Event: 4.169 Executing VM operation: G1CollectForAllocation done
Event: 4.255 Executing VM operation: HandshakeAllThreads
Event: 4.255 Executing VM operation: HandshakeAllThreads done
Event: 4.256 Executing VM operation: HandshakeAllThreads
Event: 4.256 Executing VM operation: HandshakeAllThreads done
Event: 4.419 Executing VM operation: HandshakeAllThreads
Event: 4.419 Executing VM operation: HandshakeAllThreads done
Event: 4.731 Executing VM operation: HandshakeAllThreads
Event: 4.731 Executing VM operation: HandshakeAllThreads done
Event: 4.841 Executing VM operation: G1CollectForAllocation
Event: 4.847 Executing VM operation: G1CollectForAllocation done
Event: 4.989 Executing VM operation: HandshakeAllThreads
Event: 4.989 Executing VM operation: HandshakeAllThreads done
Event: 4.996 Executing VM operation: HandshakeAllThreads
Event: 4.996 Executing VM operation: HandshakeAllThreads done
Event: 4.997 Executing VM operation: HandshakeAllThreads
Event: 4.997 Executing VM operation: HandshakeAllThreads done

Events (15 events):
Event: 0.084 Thread 0x00000158d791d350 Thread added: 0x00000158d791d350
Event: 0.136 Thread 0x00000158f3a51800 Thread added: 0x00000158f3a51800
Event: 0.136 Thread 0x00000158f3a52060 Thread added: 0x00000158f3a52060
Event: 0.137 Thread 0x00000158f3a527f0 Thread added: 0x00000158f3a527f0
Event: 0.137 Thread 0x00000158f3a54d50 Thread added: 0x00000158f3a54d50
Event: 0.137 Thread 0x00000158f3a552a0 Thread added: 0x00000158f3a552a0
Event: 0.137 Thread 0x00000158f3a57800 Thread added: 0x00000158f3a57800
Event: 0.137 Thread 0x00000158f3a5c090 Thread added: 0x00000158f3a5c090
Event: 0.140 Thread 0x00000158f7c1cba0 Thread added: 0x00000158f7c1cba0
Event: 0.398 Thread 0x00000158f7c753e0 Thread added: 0x00000158f7c753e0
Event: 1.691 Thread 0x00000158f7eea910 Thread added: 0x00000158f7eea910
Event: 2.251 Thread 0x00000158f7eea910 Thread exited: 0x00000158f7eea910
Event: 3.674 Thread 0x00000158f80a26b0 Thread added: 0x00000158f80a26b0
Event: 3.674 Thread 0x00000158f7edd1b0 Thread added: 0x00000158f7edd1b0
Event: 5.034 Thread 0x00000158f8be2b70 Thread added: 0x00000158f8be2b70


Dynamic libraries:
0x00007ff675d70000 - 0x00007ff675d7e000 	C:\Users\Almir\.jdks\openjdk-20.0.1\bin\java.exe
0x00007ffc1b150000 - 0x00007ffc1b364000 	C:\WINDOWS\SYSTEM32\ntdll.dll
0x00007ffb96630000 - 0x00007ffb96649000 	C:\Program Files\AVAST Software\Avast\aswhook.dll
0x00007ffc1a330000 - 0x00007ffc1a3f2000 	C:\WINDOWS\System32\KERNEL32.DLL
0x00007ffc18750000 - 0x00007ffc18aec000 	C:\WINDOWS\System32\KERNELBASE.dll
0x00007ffc18630000 - 0x00007ffc18741000 	C:\WINDOWS\System32\ucrtbase.dll
0x00007ffc13b40000 - 0x00007ffc13b57000 	C:\Users\Almir\.jdks\openjdk-20.0.1\bin\jli.dll
0x00007ffc13bc0000 - 0x00007ffc13bdb000 	C:\Users\Almir\.jdks\openjdk-20.0.1\bin\VCRUNTIME140.dll
0x00007ffc19c50000 - 0x00007ffc19dfb000 	C:\WINDOWS\System32\USER32.dll
0x00007ffc18ec0000 - 0x00007ffc18ee6000 	C:\WINDOWS\System32\win32u.dll
0x00007ffc19c10000 - 0x00007ffc19c39000 	C:\WINDOWS\System32\GDI32.dll
0x00007ffc18da0000 - 0x00007ffc18eb3000 	C:\WINDOWS\System32\gdi32full.dll
0x00007ffc18590000 - 0x00007ffc1862a000 	C:\WINDOWS\System32\msvcp_win.dll
0x00007ffbfd0f0000 - 0x00007ffbfd37e000 	C:\WINDOWS\WinSxS\amd64_microsoft.windows.common-controls_6595b64144ccf1df_6.0.22621.608_none_a9444ca7c10bb01d\COMCTL32.dll
0x00007ffc1af00000 - 0x00007ffc1afa7000 	C:\WINDOWS\System32\msvcrt.dll
0x00007ffc1b0d0000 - 0x00007ffc1b101000 	C:\WINDOWS\System32\IMM32.DLL
0x00007ffc13c20000 - 0x00007ffc13c2c000 	C:\Users\Almir\.jdks\openjdk-20.0.1\bin\vcruntime140_1.dll
0x00007ffbfa6b0000 - 0x00007ffbfa73e000 	C:\Users\Almir\.jdks\openjdk-20.0.1\bin\msvcp140.dll
0x00007ffbc2370000 - 0x00007ffbc3007000 	C:\Users\Almir\.jdks\openjdk-20.0.1\bin\server\jvm.dll
0x00007ffc1ac30000 - 0x00007ffc1acde000 	C:\WINDOWS\System32\ADVAPI32.dll
0x00007ffc199f0000 - 0x00007ffc19a94000 	C:\WINDOWS\System32\sechost.dll
0x00007ffc1afb0000 - 0x00007ffc1b0c7000 	C:\WINDOWS\System32\RPCRT4.dll
0x00007ffc062e0000 - 0x00007ffc062e9000 	C:\WINDOWS\SYSTEM32\WSOCK32.dll
0x00007ffc10850000 - 0x00007ffc10884000 	C:\WINDOWS\SYSTEM32\WINMM.dll
0x00007ffc1ab10000 - 0x00007ffc1ab81000 	C:\WINDOWS\System32\WS2_32.dll
0x00007ffc0da50000 - 0x00007ffc0da5a000 	C:\WINDOWS\SYSTEM32\VERSION.dll
0x00007ffc175e0000 - 0x00007ffc175f8000 	C:\WINDOWS\SYSTEM32\kernel.appcore.dll
0x00007ffc13b80000 - 0x00007ffc13b8a000 	C:\Users\Almir\.jdks\openjdk-20.0.1\bin\jimage.dll
0x00007ffc15fd0000 - 0x00007ffc161fe000 	C:\WINDOWS\SYSTEM32\DBGHELP.DLL
0x00007ffc19fa0000 - 0x00007ffc1a329000 	C:\WINDOWS\System32\combase.dll
0x00007ffc19aa0000 - 0x00007ffc19b77000 	C:\WINDOWS\System32\OLEAUT32.dll
0x00007ffc0d7d0000 - 0x00007ffc0d802000 	C:\WINDOWS\SYSTEM32\dbgcore.DLL
0x00007ffc18bb0000 - 0x00007ffc18c2b000 	C:\WINDOWS\System32\bcryptPrimitives.dll
0x00007ffc13c40000 - 0x00007ffc13c4e000 	C:\Users\Almir\.jdks\openjdk-20.0.1\bin\instrument.dll
0x00007ffc137d0000 - 0x00007ffc137f6000 	C:\Users\Almir\.jdks\openjdk-20.0.1\bin\java.dll
0x00007ffbfa590000 - 0x00007ffbfa667000 	C:\Users\Almir\.jdks\openjdk-20.0.1\bin\jsvml.dll
0x00007ffc191e0000 - 0x00007ffc199d0000 	C:\WINDOWS\System32\SHELL32.dll
0x00007ffc165a0000 - 0x00007ffc16e6d000 	C:\WINDOWS\SYSTEM32\windows.storage.dll
0x00007ffc16460000 - 0x00007ffc1659e000 	C:\WINDOWS\SYSTEM32\wintypes.dll
0x00007ffc1adf0000 - 0x00007ffc1aee1000 	C:\WINDOWS\System32\SHCORE.dll
0x00007ffc19180000 - 0x00007ffc191de000 	C:\WINDOWS\System32\shlwapi.dll
0x00007ffc184c0000 - 0x00007ffc184e1000 	C:\WINDOWS\SYSTEM32\profapi.dll
0x00007ffc13710000 - 0x00007ffc13728000 	C:\Users\Almir\.jdks\openjdk-20.0.1\bin\zip.dll
0x00007ffc13870000 - 0x00007ffc13883000 	C:\Users\Almir\.jdks\openjdk-20.0.1\bin\net.dll
0x00007ffc0f660000 - 0x00007ffc0f797000 	C:\WINDOWS\SYSTEM32\WINHTTP.dll
0x00007ffc17a50000 - 0x00007ffc17ab9000 	C:\WINDOWS\system32\mswsock.dll
0x00007ffc13760000 - 0x00007ffc13776000 	C:\Users\Almir\.jdks\openjdk-20.0.1\bin\nio.dll
0x00007ffbfb7e0000 - 0x00007ffbfb7fa000 	C:\Program Files\JetBrains\IntelliJ IDEA Community Edition 2023.1\bin\breakgen64.dll
0x00007ffc13830000 - 0x00007ffc13837000 	C:\Users\Almir\.jdks\openjdk-20.0.1\bin\extnet.dll

dbghelp: loaded successfully - version: 4.0.5 - missing functions: none
symbol engine: initialized successfully - sym options: 0x614 - pdb path: .;C:\Users\Almir\.jdks\openjdk-20.0.1\bin;C:\WINDOWS\SYSTEM32;C:\Program Files\AVAST Software\Avast;C:\WINDOWS\WinSxS\amd64_microsoft.windows.common-controls_6595b64144ccf1df_6.0.22621.608_none_a9444ca7c10bb01d;C:\Users\Almir\.jdks\openjdk-20.0.1\bin\server;C:\Program Files\JetBrains\IntelliJ IDEA Community Edition 2023.1\bin

VM Arguments:
jvm_args: -javaagent:C:\Program Files\JetBrains\IntelliJ IDEA Community Edition 2023.1\lib\idea_rt.jar=51753:C:\Program Files\JetBrains\IntelliJ IDEA Community Edition 2023.1\bin -Dfile.encoding=UTF-8 -Dsun.stdout.encoding=UTF-8 -Dsun.stderr.encoding=UTF-8 
java_command: com.example.auctionappbe.AuctionappBeApplication
java_class_path (initial): C:\Users\Almir\Desktop\AuctionApp\auctionapp-backend\target\classes;C:\Users\Almir\.m2\repository\org\springframework\boot\spring-boot-starter-data-jpa\3.0.6\spring-boot-starter-data-jpa-3.0.6.jar;C:\Users\Almir\.m2\repository\org\springframework\boot\spring-boot-starter-aop\3.0.6\spring-boot-starter-aop-3.0.6.jar;C:\Users\Almir\.m2\repository\org\aspectj\aspectjweaver\1.9.19\aspectjweaver-1.9.19.jar;C:\Users\Almir\.m2\repository\org\springframework\boot\spring-boot-starter-jdbc\3.0.6\spring-boot-starter-jdbc-3.0.6.jar;C:\Users\Almir\.m2\repository\com\zaxxer\HikariCP\5.0.1\HikariCP-5.0.1.jar;C:\Users\Almir\.m2\repository\org\springframework\spring-jdbc\6.0.8\spring-jdbc-6.0.8.jar;C:\Users\Almir\.m2\repository\org\hibernate\orm\hibernate-core\6.1.7.Final\hibernate-core-6.1.7.Final.jar;C:\Users\Almir\.m2\repository\jakarta\persistence\jakarta.persistence-api\3.1.0\jakarta.persistence-api-3.1.0.jar;C:\Users\Almir\.m2\repository\jakarta\transaction\jakarta.transaction-api\2.0.1\jakarta.transaction-api-2.0.1.jar;C:\Users\Almir\.m2\repository\org\jboss\logging\jboss-logging\3.5.0.Final\jboss-logging-3.5.0.Final.jar;C:\Users\Almir\.m2\repository\org\hibernate\common\hibernate-commons-annotations\6.0.6.Final\hibernate-commons-annotations-6.0.6.Final.jar;C:\Users\Almir\.m2\repository\org\jboss\jandex\2.4.2.Final\jandex-2.4.2.Final.jar;C:\Users\Almir\.m2\repository\com\fasterxml\classmate\1.5.1\classmate-1.5.1.jar;C:\Users\Almir\.m2\repository\net\bytebuddy\byte-buddy\1.12.23\byte-buddy-1.12.23.jar;C:\Users\Almir\.m2\repository\org\glassfish\jaxb\jaxb-runtime\4.0.2\jaxb-runtime-4.0.2.jar;C:\Users\Almir\.m2\repository\org\glassfish\jaxb\jaxb-core\4.0.2\jaxb-core-4.0.2.jar;C:\Users\Almir\.m2\repository\org\eclipse\angus\angus-activation\2.0.0\angus-activation-2.0.0.jar;C:\Users\Almir\.m2\repository\org\glassfish\jaxb\txw2\4.0.2\txw2-4.0.2.jar;C:\Users\Almir\.m2\repository\com\sun\istack\istack-commons-runtime\4.1.1\istack-commons-runtime-4.1.1.jar;C:\Users\Almir\.m2\repository\jakarta\inject\jakarta.inject-api\2.0.0\jakarta.inject-api-2.0.0.jar;C:\Users\Almir\.m2\repository\org\antlr\antlr4-runtime\4.10.1\antlr4-runtime-4.10.1.jar;C:\Users\Almir\.m2\repository\org\springframework\data\spring-data-jpa\3.0.5\spring-data-jpa-3.0.5.jar;C:\Users\Almir\.m2\repository\org\springframework\data\spring-data-commons\3.0.5\spring-data-commons-3.0.5.jar;C:\Users\Almir\.m2\repository\org\springframework\spring-orm\6.0.8\spring-orm-6.0.8.jar;C:\Users\Almir\.m2\repository\org\springframework\spring-context\6.0.8\spring-context-6.0.8.jar;C:\Users\Almir\.m2\repository\org\springframework\spring-tx\6.0.8\spring-tx-6.0.8.jar;C:\Users\Almir\.m2\repository\org\springframework\spring-beans\6.0.8\spring-beans-6.0.8.jar;C:\Users\Almir\.m2\repository\jakarta\annotation\jakarta.annotation-api\2.1.1\jakarta.annotation-api-2.1.1.jar;C:\Users\Almir\.m2\repository\org\slf4j\slf4j-api\2.0.7\slf4j-api-2.0.7.jar;C:\Users\Almir\.m2\repository\org\springframework\spring-aspects\6.0.8\spring-aspects-6.0.8.jar;C:\Users\Almir\.m2\repository\org\springframework\boot\spring-boot-starter-security\3.0.6\spring-boot-starter-security-3.0.6.jar;C:\Users\Almir\.m2\repository\org\springframework\boot\spring-boot-starter\3.0.6\spring-boot-starter-3.0.6.jar;C:\Users\Almir\.m2\repository\org\springframework\boot\spring-boot\3.0.6\spring-boot-3.0.6.jar;C:\Users\Almir\.m2\repository\org\springframework\boot\spring-boot-autoconfigure\3.0.6\spring-boot-autoconfigure-3.0.6.jar;C:\Users\Almir\.m2\repository\org\springframework\boot\spring-boot-starter-logging\3.0.6\spring-boot-starter-logging-3.0.6.jar;C:\Users\Almir\.m2\repository\ch\qos\logback\logback-classic\1.4.7\logback-classic-1.4.7.jar;C:\Users\Almir\.m2\repository\ch\qos\logback\logback-core\1.4.7\logback-core-1.4.7.jar;C:\Users\Almir\.m2\repository\org\apache\logging\log4j\log4j-to-slf4j\2.19.0\log4j-to-slf4j-2.19.0.jar;C:\Users\Almir\.m2\repository\org\apache\logging\log4j\log4j-api\2.19.0\log4j-api-2.19.0.jar;C:\Users\Almir\.m2\repository\org\slf4j\jul-to-slf4j\2.0.7\jul-to-slf4j-2.0.7.jar;C:\Users\Almir\.m2\repository\org\yaml\snakeyaml\1.33\snakeyaml-1.33.jar;C:\Users\Almir\.m2\repository\org\springframework\spring-aop\6.0.8\spring-aop-6.0.8.jar;C:\Users\Almir\.m2\repository\org\springframework\security\spring-security-config\6.0.3\spring-security-config-6.0.3.jar;C:\Users\Almir\.m2\repository\org\springframework\security\spring-security-web\6.0.3\spring-security-web-6.0.3.jar;C:\Users\Almir\.m2\repository\org\springframework\spring-expression\6.0.8\spring-expression-6.0.8.jar;C:\Users\Almir\.m2\repository\org\springframework\boot\spring-boot-starter-web\3.0.6\spring-boot-starter-web-3.0.6.jar;C:\Users\Almir\.m2\repository\org\springframework\boot\spring-boot-starter-json\3.0.6\spring-boot-starter-json-3.0.6.jar;C:\Users\Almir\.m2\repository\com\fasterxml\jackson\datatype\jackson-datatype-jdk8\2.14.2\jackson-datatype-jdk8-2.14.2.jar;C:\Users\Almir\.m2\repository\com\fasterxml\jackson\datatype\jackson-datatype-jsr310\2.14.2\jackson-datatype-jsr310-2.14.2.jar;C:\Users\Almir\.m2\repository\com\fasterxml\jackson\module\jackson-module-parameter-names\2.14.2\jackson-module-parameter-names-2.14.2.jar;C:\Users\Almir\.m2\repository\org\springframework\boot\spring-boot-starter-tomcat\3.0.6\spring-boot-starter-tomcat-3.0.6.jar;C:\Users\Almir\.m2\repository\org\apache\tomcat\embed\tomcat-embed-core\10.1.8\tomcat-embed-core-10.1.8.jar;C:\Users\Almir\.m2\repository\org\apache\tomcat\embed\tomcat-embed-el\10.1.8\tomcat-embed-el-10.1.8.jar;C:\Users\Almir\.m2\repository\org\apache\tomcat\embed\tomcat-embed-websocket\10.1.8\tomcat-embed-websocket-10.1.8.jar;C:\Users\Almir\.m2\repository\org\springframework\spring-web\6.0.8\spring-web-6.0.8.jar;C:\Users\Almir\.m2\repository\io\micrometer\micrometer-observation\1.10.6\micrometer-observation-1.10.6.jar;C:\Users\Almir\.m2\repository\io\micrometer\micrometer-commons\1.10.6\micrometer-commons-1.10.6.jar;C:\Users\Almir\.m2\repository\org\springframework\spring-webmvc\6.0.8\spring-webmvc-6.0.8.jar;C:\Users\Almir\.m2\repository\org\postgresql\postgresql\42.5.4\postgresql-42.5.4.jar;C:\Users\Almir\.m2\repository\org\checkerframework\checker-qual\3.5.0\checker-qual-3.5.0.jar;C:\Users\Almir\.m2\repository\org\projectlombok\lombok\1.18.26\lombok-1.18.26.jar;C:\Users\Almir\.m2\repository\io\jsonwebtoken\jjwt-api\0.11.5\jjwt-api-0.11.5.jar;C:\Users\Almir\.m2\repository\io\jsonwebtoken\jjwt-impl\0.11.5\jjwt-impl-0.11.5.jar;C:\Users\Almir\.m2\repository\io\jsonwebtoken\jjwt-jackson\0.11.5\jjwt-jackson-0.11.5.jar;C:\Users\Almir\.m2\repository\com\fasterxml\jackson\core\jackson-databind\2.14.2\jackson-databind-2.14.2.jar;C:\Users\Almir\.m2\repository\com\fasterxml\jackson\core\jackson-annotations\2.14.2\jackson-annotations-2.14.2.jar;C:\Users\Almir\.m2\repository\com\fasterxml\jackson\core\jackson-core\2.14.2\jackson-core-2.14.2.jar;C:\Users\Almir\.m2\repository\jakarta\xml\bind\jakarta.xml.bind-api\4.0.0\jakarta.xml.bind-api-4.0.0.jar;C:\Users\Almir\.m2\repository\jakarta\activation\jakarta.activation-api\2.1.1\jakarta.activation-api-2.1.1.jar;C:\Users\Almir\.m2\repository\org\springframework\spring-core\6.0.8\spring-core-6.0.8.jar;C:\Users\Almir\.m2\repository\org\springframework\spring-jcl\6.0.8\spring-jcl-6.0.8.jar;C:\Users\Almir\.m2\repository\org\springframework\security\spring-security-core\6.0.3\spring-security-core-6.0.3.jar;C:\Users\Almir\.m2\repository\org\springframework\security\spring-security-crypto\6.0.3\spring-security-crypto-6.0.3.jar
Launcher Type: SUN_STANDARD

[Global flags]
     intx CICompilerCount                          = 3                                         {product} {ergonomic}
     uint ConcGCThreads                            = 1                                         {product} {ergonomic}
     uint G1ConcRefinementThreads                  = 4                                         {product} {ergonomic}
   size_t G1HeapRegionSize                         = 1048576                                   {product} {ergonomic}
    uintx GCDrainStackTargetSize                   = 64                                        {product} {ergonomic}
   size_t InitialHeapSize                          = 134217728                                 {product} {ergonomic}
   size_t MarkStackSize                            = 4194304                                   {product} {ergonomic}
   size_t MaxHeapSize                              = 2124414976                                {product} {ergonomic}
   size_t MaxNewSize                               = 1274019840                                {product} {ergonomic}
   size_t MinHeapDeltaBytes                        = 1048576                                   {product} {ergonomic}
   size_t MinHeapSize                              = 8388608                                   {product} {ergonomic}
    uintx NonNMethodCodeHeapSize                   = 5832780                                {pd product} {ergonomic}
    uintx NonProfiledCodeHeapSize                  = 122912730                              {pd product} {ergonomic}
    uintx ProfiledCodeHeapSize                     = 122912730                              {pd product} {ergonomic}
    uintx ReservedCodeCacheSize                    = 251658240                              {pd product} {ergonomic}
     bool SegmentedCodeCache                       = true                                      {product} {ergonomic}
   size_t SoftMaxHeapSize                          = 2124414976                             {manageable} {ergonomic}
     bool UseCompressedClassPointers               = true                           {product lp64_product} {ergonomic}
     bool UseCompressedOops                        = true                           {product lp64_product} {ergonomic}
     bool UseG1GC                                  = true                                      {product} {ergonomic}
     bool UseLargePagesIndividualAllocation        = false                                  {pd product} {ergonomic}

Logging:
Log output configuration:
 #0: stdout all=warning uptime,level,tags foldmultilines=false
 #1: stderr all=off uptime,level,tags foldmultilines=false

Environment Variables:
PATH=C:\Program Files\Common Files\Oracle\Java\javapath;C:\Program Files (x86)\Common Files\Oracle\Java\javapath;C:\WINDOWS\system32;C:\WINDOWS;C:\WINDOWS\System32\Wbem;C:\WINDOWS\System32\WindowsPowerShell\v1.0\;C:\WINDOWS\System32\OpenSSH\;C:\Program Files (x86)\Intel\Intel(R) Management Engine Components\DAL;C:\Program Files\Intel\Intel(R) Management Engine Components\DAL;C:\Program Files (x86)\Intel\Intel(R) Management Engine Components\IPT;C:\Program Files\Intel\Intel(R) Management Engine Components\IPT;C:\Program Files (x86)\NASM;C:\MinGW\mingw32\bin;C:\Program Files\Microsoft SQL Server\130\Tools\Binn\;C:\Program Files\nodejs\;C:\Program Files\Git\cmd;C:\Program Files (x86)\NASM;C:\Users\Almir\AppData\Local\Microsoft\WindowsApps;C:\MinGW\bin;C:\Users\Almir\AppData\Local\Microsoft\WindowsApps;C:\Users\Almir\AppData\Local\Programs\Microsoft VS Code\bin;C:\Users\Almir\AppData\Roaming\npm;
USERNAME=Almir
OS=Windows_NT
PROCESSOR_IDENTIFIER=Intel64 Family 6 Model 142 Stepping 10, GenuineIntel
TMP=C:\Users\Almir\AppData\Local\Temp
TEMP=C:\Users\Almir\AppData\Local\Temp




---------------  S Y S T E M  ---------------

OS:
 Windows 11 , 64 bit Build 22621 (10.0.22621.1485)
OS uptime: 8 days 13:50 hours

CPU: total 4 (initial active 4) (2 cores per cpu, 2 threads per core) family 6 model 142 stepping 10 microcode 0xe0, cx8, cmov, fxsr, ht, mmx, 3dnowpref, sse, sse2, sse3, ssse3, sse4.1, sse4.2, popcnt, lzcnt, tsc, tscinvbit, avx, avx2, aes, erms, clmul, bmi1, bmi2, adx, fma, vzeroupper, clflush, clflushopt, rdtscp, f16c

Memory: 4k page, system-wide physical 8103M (318M free)
TotalPageFile size 23208M (AvailPageFile size 0M)
current process WorkingSet (physical memory assigned to process): 84M, peak: 84M
current process commit charge ("private bytes"): 225M, peak: 225M

vm_info: OpenJDK 64-Bit Server VM (20.0.1+9-29) for windows-amd64 JRE (20.0.1+9-29), built on 2023-03-07T13:56:11Z by "mach5one" with MS VC++ 17.1 (VS2022)

END.
